2024-03-09 15:14:50.325 [main] INFO  com.epsilon.rule.EpsilonRuleApplicationTests - Starting EpsilonRuleApplicationTests using Java 17.0.8 with PID 18892 (started by EITAN in E:\workspace\epsilon-rule)
2024-03-09 15:14:50.326 [main] INFO  com.epsilon.rule.EpsilonRuleApplicationTests - No active profile set, falling back to 1 default profile: "default"
2024-03-09 15:14:51.804 [main] INFO  com.yomahub.liteflow.util.LOGOPrinter - 
================================================================================================
		 _     ___ _____ _____      _____ _     _____        __
		| |   |_ _|_   _| ____|    |  ___| |   / _ \ \      / /
		| |    | |  | | |  _| _____| |_  | |  | | | \ \ /\ / / 
		| |___ | |  | | | |__|_____|  _| | |__| |_| |\ V  V /  
		|_____|___| |_| |_____|    |_|   |_____\___/  \_/\_/   

		Version: 2.11.4.2
		Keep on the light side.
		website：https://liteflow.cc
		wechat：bryan_31
================================================================================================

2024-03-09 15:14:52.792 [main] INFO  o.s.b.a.web.servlet.WelcomePageHandlerMapping - Adding welcome page: class path resource [static/index.html]
2024-03-09 15:14:53.062 [main] INFO  com.yomahub.liteflow.core.FlowExecutor - flow info loaded from class config with el,class=com.yomahub.liteflow.parser.sql.SQLXmlELParser
2024-03-09 15:14:53.105 [main] INFO  c.yomahub.liteflow.parser.sql.read.AbstractSqlRead - query sql: SELECT chain_name,el_data FROM epsilon_chain WHERE application_name='epsilon-rule' AND enable=true
2024-03-09 15:14:53.107 [main] INFO  com.zaxxer.hikari.HikariDataSource - HikariPool-1 - Starting...
2024-03-09 15:14:53.274 [main] INFO  com.zaxxer.hikari.pool.HikariPool - HikariPool-1 - Added connection com.mysql.cj.jdbc.ConnectionImpl@4d8f2cfd
2024-03-09 15:14:53.277 [main] INFO  com.zaxxer.hikari.HikariDataSource - HikariPool-1 - Start completed.
2024-03-09 15:14:53.304 [main] INFO  c.y.liteflow.parser.sql.util.LiteFlowJdbcUtil - use dataSourceName[dataSource],has found liteflow config
2024-03-09 15:14:53.315 [main] INFO  c.y.liteflow.parser.sql.util.LiteFlowJdbcUtil - use dataSourceName[dataSource],has found liteflow config
2024-03-09 15:14:53.317 [main] INFO  c.yomahub.liteflow.parser.sql.read.AbstractSqlRead - query sql: SELECT script_id,script_data,script_name,script_type,script_language FROM epsilon_script WHERE application_name='epsilon-rule' AND enable=true
2024-03-09 15:14:53.318 [main] INFO  c.y.liteflow.parser.sql.util.LiteFlowJdbcUtil - use dataSourceName[dataSource],has found liteflow config
2024-03-09 15:14:53.368 [main] INFO  com.yomahub.liteflow.core.ScriptCommonComponent - load script for component[4884f8a27ece4e3ead56e5a0b306279d(取所有频率的最小值)]
2024-03-09 15:14:53.641 [main] INFO  com.yomahub.liteflow.core.ScriptCommonComponent - load script for component[94f35fab86554bb1b5fde760437e4538(转化基础频率)]
2024-03-09 15:14:53.642 [main] INFO  com.yomahub.liteflow.core.ScriptCommonComponent - load script for component[76ad329700174191b1f8b77579155e50(结束节点)]
2024-03-09 15:14:53.642 [main] INFO  com.yomahub.liteflow.core.ScriptCommonComponent - load script for component[33e1b261f7d5409f9a44fcff6b25cdf7(判断是否执行)]
2024-03-09 15:14:53.643 [main] INFO  com.yomahub.liteflow.core.ScriptCommonComponent - load script for component[2732c1f9a80d4f24ab56bead1b25651a(结束节点)]
2024-03-09 15:14:53.643 [main] INFO  com.yomahub.liteflow.core.ScriptCommonComponent - load script for component[c1e6cefa5a4d47b6b1f5173a5ff9acb4(转化影响频率等级)]
2024-03-09 15:14:53.644 [main] INFO  com.yomahub.liteflow.core.ScriptCommonComponent - load script for component[c9e562455bc84fc2bf777baa5361fc16(影响频率因素)]
2024-03-09 15:14:53.677 [SQL-Polling-1] INFO  c.yomahub.liteflow.parser.sql.read.AbstractSqlRead - query sql: SELECT chain_name,el_data FROM epsilon_chain WHERE application_name='epsilon-rule' AND enable=true
2024-03-09 15:14:53.678 [SQL-Polling-1] INFO  c.y.liteflow.parser.sql.util.LiteFlowJdbcUtil - use dataSourceName[dataSource],has found liteflow config
2024-03-09 15:14:53.678 [SQL-Polling-2] INFO  c.y.liteflow.parser.sql.util.LiteFlowJdbcUtil - use dataSourceName[dataSource],has found liteflow config
2024-03-09 15:14:53.680 [SQL-Polling-2] INFO  c.yomahub.liteflow.parser.sql.read.AbstractSqlRead - query sql: SELECT script_id,script_data,script_name,script_type,script_language FROM epsilon_script WHERE application_name='epsilon-rule' AND enable=true
2024-03-09 15:14:53.681 [SQL-Polling-2] INFO  c.y.liteflow.parser.sql.util.LiteFlowJdbcUtil - use dataSourceName[dataSource],has found liteflow config
2024-03-09 15:14:53.695 [main] INFO  com.epsilon.rule.EpsilonRuleApplicationTests - Started EpsilonRuleApplicationTests in 3.732 seconds (process running for 4.628)
2024-03-09 15:14:54.684 [SpringApplicationShutdownHook] INFO  com.zaxxer.hikari.HikariDataSource - HikariPool-1 - Shutdown initiated...
2024-03-09 15:14:54.692 [SpringApplicationShutdownHook] INFO  com.zaxxer.hikari.HikariDataSource - HikariPool-1 - Shutdown completed.
